[2024-07-11T14:14:14.594+0000] {local_task_job_runner.py:120} INFO - ::group::Pre task execution logs
[2024-07-11T14:14:14.621+0000] {taskinstance.py:2076} INFO - Dependencies all met for dep_context=non-requeueable deps ti=<TaskInstance: run_kubernetes_job.run_kubernetes_job manual__2024-07-11T14:14:12.345615+00:00 [queued]>
[2024-07-11T14:14:14.632+0000] {taskinstance.py:2076} INFO - Dependencies all met for dep_context=requeueable deps ti=<TaskInstance: run_kubernetes_job.run_kubernetes_job manual__2024-07-11T14:14:12.345615+00:00 [queued]>
[2024-07-11T14:14:14.632+0000] {taskinstance.py:2306} INFO - Starting attempt 1 of 2
[2024-07-11T14:14:14.652+0000] {taskinstance.py:2330} INFO - Executing <Task(KubernetesPodOperator): run_kubernetes_job> on 2024-07-11 14:14:12.345615+00:00
[2024-07-11T14:14:14.660+0000] {warnings.py:112} WARNING - /home/***/.local/lib/python3.12/site-packages/***/task/task_runner/standard_task_runner.py:61: DeprecationWarning: This process (pid=390) is multi-threaded, use of fork() may lead to deadlocks in the child.
  pid = os.fork()

[2024-07-11T14:14:14.662+0000] {standard_task_runner.py:63} INFO - Started process 392 to run task
[2024-07-11T14:14:14.662+0000] {standard_task_runner.py:90} INFO - Running: ['***', 'tasks', 'run', 'run_kubernetes_job', 'run_kubernetes_job', 'manual__2024-07-11T14:14:12.345615+00:00', '--job-id', '307', '--raw', '--subdir', 'DAGS_FOLDER/my_dag.py', '--cfg-path', '/tmp/tmp4w2q1f0h']
[2024-07-11T14:14:14.665+0000] {standard_task_runner.py:91} INFO - Job 307: Subtask run_kubernetes_job
[2024-07-11T14:14:14.718+0000] {task_command.py:426} INFO - Running <TaskInstance: run_kubernetes_job.run_kubernetes_job manual__2024-07-11T14:14:12.345615+00:00 [running]> on host 3d1f449535f3
[2024-07-11T14:14:14.838+0000] {taskinstance.py:2648} INFO - Exporting env vars: AIRFLOW_CTX_DAG_OWNER='***' AIRFLOW_CTX_DAG_ID='run_kubernetes_job' AIRFLOW_CTX_TASK_ID='run_kubernetes_job' AIRFLOW_CTX_EXECUTION_DATE='2024-07-11T14:14:12.345615+00:00' AIRFLOW_CTX_TRY_NUMBER='1' AIRFLOW_CTX_DAG_RUN_ID='manual__2024-07-11T14:14:12.345615+00:00'
[2024-07-11T14:14:14.839+0000] {taskinstance.py:430} INFO - ::endgroup::
[2024-07-11T14:14:14.847+0000] {pod.py:1121} INFO - Building pod task-write-data-mongo-9au9ksrc with labels: {'dag_id': 'run_kubernetes_job', 'task_id': 'run_kubernetes_job', 'run_id': 'manual__2024-07-11T141412.3456150000-41c8781d8', 'kubernetes_pod_operator': 'True', 'try_number': '1'}
[2024-07-11T14:14:14.857+0000] {taskinstance.py:441} INFO - ::group::Post task execution logs
[2024-07-11T14:14:14.857+0000] {taskinstance.py:2905} ERROR - Task failed with exception
Traceback (most recent call last):
  File "/home/airflow/.local/lib/python3.12/site-packages/airflow/models/taskinstance.py", line 465, in _execute_task
    result = _execute_callable(context=context, **execute_callable_kwargs)
             ^^^^^^^^^^^^^^^^^^^^^^^^^^^^^^^^^^^^^^^^^^^^^^^^^^^^^^^^^^^^^
  File "/home/airflow/.local/lib/python3.12/site-packages/airflow/models/taskinstance.py", line 432, in _execute_callable
    return execute_callable(context=context, **execute_callable_kwargs)
           ^^^^^^^^^^^^^^^^^^^^^^^^^^^^^^^^^^^^^^^^^^^^^^^^^^^^^^^^^^^^
  File "/home/airflow/.local/lib/python3.12/site-packages/airflow/models/baseoperator.py", line 401, in wrapper
    return func(self, *args, **kwargs)
           ^^^^^^^^^^^^^^^^^^^^^^^^^^^
  File "/home/airflow/.local/lib/python3.12/site-packages/airflow/providers/cncf/kubernetes/operators/pod.py", line 591, in execute
    return self.execute_sync(context)
           ^^^^^^^^^^^^^^^^^^^^^^^^^^
  File "/home/airflow/.local/lib/python3.12/site-packages/airflow/providers/cncf/kubernetes/operators/pod.py", line 599, in execute_sync
    self.pod_request_obj = self.build_pod_request_obj(context)
                           ^^^^^^^^^^^^^^^^^^^^^^^^^^^^^^^^^^^
  File "/home/airflow/.local/lib/python3.12/site-packages/airflow/providers/cncf/kubernetes/operators/pod.py", line 1130, in build_pod_request_obj
    "airflow_kpo_in_cluster": str(self.hook.is_in_cluster),
                                  ^^^^^^^^^^^^^^^^^^^^^^^
  File "/home/airflow/.local/lib/python3.12/site-packages/airflow/providers/cncf/kubernetes/hooks/kubernetes.py", line 283, in is_in_cluster
    self.api_client  # so we can determine if we are in_cluster or not
    ^^^^^^^^^^^^^^^
  File "/usr/local/lib/python3.12/functools.py", line 995, in __get__
    val = self.func(instance)
          ^^^^^^^^^^^^^^^^^^^
  File "/home/airflow/.local/lib/python3.12/site-packages/airflow/providers/cncf/kubernetes/hooks/kubernetes.py", line 291, in api_client
    return self.get_conn()
           ^^^^^^^^^^^^^^^
  File "/home/airflow/.local/lib/python3.12/site-packages/airflow/providers/cncf/kubernetes/hooks/kubernetes.py", line 233, in get_conn
    config.load_incluster_config()
  File "/home/airflow/.local/lib/python3.12/site-packages/kubernetes/config/incluster_config.py", line 121, in load_incluster_config
    try_refresh_token=try_refresh_token).load_and_set(client_configuration)
                                         ^^^^^^^^^^^^^^^^^^^^^^^^^^^^^^^^^^
  File "/home/airflow/.local/lib/python3.12/site-packages/kubernetes/config/incluster_config.py", line 54, in load_and_set
    self._load_config()
  File "/home/airflow/.local/lib/python3.12/site-packages/kubernetes/config/incluster_config.py", line 62, in _load_config
    raise ConfigException("Service host/port is not set.")
kubernetes.config.config_exception.ConfigException: Service host/port is not set.
[2024-07-11T14:14:14.869+0000] {taskinstance.py:1206} INFO - Marking task as UP_FOR_RETRY. dag_id=run_kubernetes_job, task_id=run_kubernetes_job, run_id=manual__2024-07-11T14:14:12.345615+00:00, execution_date=20240711T141412, start_date=20240711T141414, end_date=20240711T141414
[2024-07-11T14:14:14.883+0000] {standard_task_runner.py:110} ERROR - Failed to execute job 307 for task run_kubernetes_job (Service host/port is not set.; 392)
[2024-07-11T14:14:14.915+0000] {local_task_job_runner.py:240} INFO - Task exited with return code 1
[2024-07-11T14:14:14.937+0000] {taskinstance.py:3503} INFO - 0 downstream tasks scheduled from follow-on schedule check
[2024-07-11T14:14:14.939+0000] {local_task_job_runner.py:222} INFO - ::endgroup::
