[2024-07-16T16:51:44.108+0000] {local_task_job_runner.py:120} INFO - ::group::Pre task execution logs
[2024-07-16T16:51:44.138+0000] {taskinstance.py:2076} INFO - Dependencies all met for dep_context=non-requeueable deps ti=<TaskInstance: read_file.print_goodbye manual__2024-07-16T16:51:36.646586+00:00 [queued]>
[2024-07-16T16:51:44.149+0000] {taskinstance.py:2076} INFO - Dependencies all met for dep_context=requeueable deps ti=<TaskInstance: read_file.print_goodbye manual__2024-07-16T16:51:36.646586+00:00 [queued]>
[2024-07-16T16:51:44.150+0000] {taskinstance.py:2306} INFO - Starting attempt 1 of 2
[2024-07-16T16:51:44.169+0000] {taskinstance.py:2330} INFO - Executing <Task(PythonOperator): print_goodbye> on 2024-07-16 16:51:36.646586+00:00
[2024-07-16T16:51:44.177+0000] {warnings.py:112} WARNING - /home/***/.local/lib/python3.12/site-packages/***/task/task_runner/standard_task_runner.py:61: DeprecationWarning: This process (pid=6083) is multi-threaded, use of fork() may lead to deadlocks in the child.
  pid = os.fork()

[2024-07-16T16:51:44.179+0000] {standard_task_runner.py:63} INFO - Started process 6085 to run task
[2024-07-16T16:51:44.180+0000] {standard_task_runner.py:90} INFO - Running: ['***', 'tasks', 'run', 'read_file', 'print_goodbye', 'manual__2024-07-16T16:51:36.646586+00:00', '--job-id', '352', '--raw', '--subdir', 'DAGS_FOLDER/my_dag.py', '--cfg-path', '/tmp/tmpj7buymlp']
[2024-07-16T16:51:44.183+0000] {standard_task_runner.py:91} INFO - Job 352: Subtask print_goodbye
[2024-07-16T16:51:44.236+0000] {task_command.py:426} INFO - Running <TaskInstance: read_file.print_goodbye manual__2024-07-16T16:51:36.646586+00:00 [running]> on host 4510c8d13d8e
[2024-07-16T16:51:44.349+0000] {taskinstance.py:2648} INFO - Exporting env vars: AIRFLOW_CTX_DAG_OWNER='***' AIRFLOW_CTX_DAG_ID='read_file' AIRFLOW_CTX_TASK_ID='print_goodbye' AIRFLOW_CTX_EXECUTION_DATE='2024-07-16T16:51:36.646586+00:00' AIRFLOW_CTX_TRY_NUMBER='1' AIRFLOW_CTX_DAG_RUN_ID='manual__2024-07-16T16:51:36.646586+00:00'
[2024-07-16T16:51:44.351+0000] {taskinstance.py:430} INFO - ::endgroup::
[2024-07-16T16:51:44.351+0000] {logging_mixin.py:188} INFO - Good Bye!
[2024-07-16T16:51:44.352+0000] {python.py:237} INFO - Done. Returned value was: None
[2024-07-16T16:51:44.352+0000] {taskinstance.py:441} INFO - ::group::Post task execution logs
[2024-07-16T16:51:44.363+0000] {taskinstance.py:1206} INFO - Marking task as SUCCESS. dag_id=read_file, task_id=print_goodbye, run_id=manual__2024-07-16T16:51:36.646586+00:00, execution_date=20240716T165136, start_date=20240716T165144, end_date=20240716T165144
[2024-07-16T16:51:44.394+0000] {local_task_job_runner.py:240} INFO - Task exited with return code 0
[2024-07-16T16:51:44.415+0000] {taskinstance.py:3503} INFO - 0 downstream tasks scheduled from follow-on schedule check
[2024-07-16T16:51:44.417+0000] {local_task_job_runner.py:222} INFO - ::endgroup::
