[2024-07-16T16:03:08.199+0000] {local_task_job_runner.py:120} INFO - ::group::Pre task execution logs
[2024-07-16T16:03:08.244+0000] {taskinstance.py:2076} INFO - Dependencies all met for dep_context=non-requeueable deps ti=<TaskInstance: read_file.read_file_task manual__2024-07-16T16:03:03.755130+00:00 [queued]>
[2024-07-16T16:03:08.255+0000] {taskinstance.py:2076} INFO - Dependencies all met for dep_context=requeueable deps ti=<TaskInstance: read_file.read_file_task manual__2024-07-16T16:03:03.755130+00:00 [queued]>
[2024-07-16T16:03:08.256+0000] {taskinstance.py:2306} INFO - Starting attempt 1 of 2
[2024-07-16T16:03:08.273+0000] {taskinstance.py:2330} INFO - Executing <Task(PythonOperator): read_file_task> on 2024-07-16 16:03:03.755130+00:00
[2024-07-16T16:03:08.281+0000] {warnings.py:112} WARNING - /home/***/.local/lib/python3.12/site-packages/***/task/task_runner/standard_task_runner.py:61: DeprecationWarning: This process (pid=5454) is multi-threaded, use of fork() may lead to deadlocks in the child.
  pid = os.fork()

[2024-07-16T16:03:08.282+0000] {standard_task_runner.py:63} INFO - Started process 5456 to run task
[2024-07-16T16:03:08.283+0000] {standard_task_runner.py:90} INFO - Running: ['***', 'tasks', 'run', 'read_file', 'read_file_task', 'manual__2024-07-16T16:03:03.755130+00:00', '--job-id', '349', '--raw', '--subdir', 'DAGS_FOLDER/my_dag.py', '--cfg-path', '/tmp/tmpnepmdsea']
[2024-07-16T16:03:08.286+0000] {standard_task_runner.py:91} INFO - Job 349: Subtask read_file_task
[2024-07-16T16:03:08.337+0000] {task_command.py:426} INFO - Running <TaskInstance: read_file.read_file_task manual__2024-07-16T16:03:03.755130+00:00 [running]> on host 4510c8d13d8e
[2024-07-16T16:03:08.447+0000] {taskinstance.py:2648} INFO - Exporting env vars: AIRFLOW_CTX_DAG_OWNER='***' AIRFLOW_CTX_DAG_ID='read_file' AIRFLOW_CTX_TASK_ID='read_file_task' AIRFLOW_CTX_EXECUTION_DATE='2024-07-16T16:03:03.755130+00:00' AIRFLOW_CTX_TRY_NUMBER='1' AIRFLOW_CTX_DAG_RUN_ID='manual__2024-07-16T16:03:03.755130+00:00'
[2024-07-16T16:03:08.449+0000] {taskinstance.py:430} INFO - ::endgroup::
[2024-07-16T16:03:08.450+0000] {logging_mixin.py:188} INFO - data from data_text.txt
[2024-07-16T16:03:08.451+0000] {logging_mixin.py:188} INFO - data from product.txt
[2024-07-16T16:03:08.451+0000] {python.py:237} INFO - Done. Returned value was: None
[2024-07-16T16:03:08.451+0000] {taskinstance.py:441} INFO - ::group::Post task execution logs
[2024-07-16T16:03:08.462+0000] {taskinstance.py:1206} INFO - Marking task as SUCCESS. dag_id=read_file, task_id=read_file_task, run_id=manual__2024-07-16T16:03:03.755130+00:00, execution_date=20240716T160303, start_date=20240716T160308, end_date=20240716T160308
[2024-07-16T16:03:08.496+0000] {local_task_job_runner.py:240} INFO - Task exited with return code 0
[2024-07-16T16:03:08.516+0000] {taskinstance.py:3503} INFO - 0 downstream tasks scheduled from follow-on schedule check
[2024-07-16T16:03:08.520+0000] {local_task_job_runner.py:222} INFO - ::endgroup::
