[2024-07-16T16:51:39.247+0000] {local_task_job_runner.py:120} INFO - ::group::Pre task execution logs
[2024-07-16T16:51:39.272+0000] {taskinstance.py:2076} INFO - Dependencies all met for dep_context=non-requeueable deps ti=<TaskInstance: read_file.read_file_task manual__2024-07-16T16:51:36.646586+00:00 [queued]>
[2024-07-16T16:51:39.281+0000] {taskinstance.py:2076} INFO - Dependencies all met for dep_context=requeueable deps ti=<TaskInstance: read_file.read_file_task manual__2024-07-16T16:51:36.646586+00:00 [queued]>
[2024-07-16T16:51:39.282+0000] {taskinstance.py:2306} INFO - Starting attempt 1 of 2
[2024-07-16T16:51:39.299+0000] {taskinstance.py:2330} INFO - Executing <Task(PythonOperator): read_file_task> on 2024-07-16 16:51:36.646586+00:00
[2024-07-16T16:51:39.313+0000] {warnings.py:112} WARNING - /home/***/.local/lib/python3.12/site-packages/***/task/task_runner/standard_task_runner.py:61: DeprecationWarning: This process (pid=6077) is multi-threaded, use of fork() may lead to deadlocks in the child.
  pid = os.fork()

[2024-07-16T16:51:39.315+0000] {standard_task_runner.py:63} INFO - Started process 6079 to run task
[2024-07-16T16:51:39.317+0000] {standard_task_runner.py:90} INFO - Running: ['***', 'tasks', 'run', 'read_file', 'read_file_task', 'manual__2024-07-16T16:51:36.646586+00:00', '--job-id', '350', '--raw', '--subdir', 'DAGS_FOLDER/my_dag.py', '--cfg-path', '/tmp/tmp2gjz8dc3']
[2024-07-16T16:51:39.320+0000] {standard_task_runner.py:91} INFO - Job 350: Subtask read_file_task
[2024-07-16T16:51:39.377+0000] {task_command.py:426} INFO - Running <TaskInstance: read_file.read_file_task manual__2024-07-16T16:51:36.646586+00:00 [running]> on host 4510c8d13d8e
[2024-07-16T16:51:39.503+0000] {taskinstance.py:2648} INFO - Exporting env vars: AIRFLOW_CTX_DAG_OWNER='***' AIRFLOW_CTX_DAG_ID='read_file' AIRFLOW_CTX_TASK_ID='read_file_task' AIRFLOW_CTX_EXECUTION_DATE='2024-07-16T16:51:36.646586+00:00' AIRFLOW_CTX_TRY_NUMBER='1' AIRFLOW_CTX_DAG_RUN_ID='manual__2024-07-16T16:51:36.646586+00:00'
[2024-07-16T16:51:39.505+0000] {taskinstance.py:430} INFO - ::endgroup::
[2024-07-16T16:51:39.506+0000] {logging_mixin.py:188} INFO - data from data_text.txt
[2024-07-16T16:51:39.507+0000] {logging_mixin.py:188} INFO - data from product.txt
[2024-07-16T16:51:39.507+0000] {python.py:237} INFO - Done. Returned value was: None
[2024-07-16T16:51:39.507+0000] {taskinstance.py:441} INFO - ::group::Post task execution logs
[2024-07-16T16:51:39.519+0000] {taskinstance.py:1206} INFO - Marking task as SUCCESS. dag_id=read_file, task_id=read_file_task, run_id=manual__2024-07-16T16:51:36.646586+00:00, execution_date=20240716T165136, start_date=20240716T165139, end_date=20240716T165139
[2024-07-16T16:51:39.570+0000] {local_task_job_runner.py:240} INFO - Task exited with return code 0
[2024-07-16T16:51:39.602+0000] {taskinstance.py:3503} INFO - 1 downstream tasks scheduled from follow-on schedule check
[2024-07-16T16:51:39.604+0000] {local_task_job_runner.py:222} INFO - ::endgroup::
