[2024-07-16T06:41:14.498+0000] {local_task_job_runner.py:120} INFO - ::group::Pre task execution logs
[2024-07-16T06:41:14.522+0000] {taskinstance.py:2076} INFO - Dependencies all met for dep_context=non-requeueable deps ti=<TaskInstance: read_file.read_file_task manual__2024-07-16T06:36:08.741238+00:00 [queued]>
[2024-07-16T06:41:14.530+0000] {taskinstance.py:2076} INFO - Dependencies all met for dep_context=requeueable deps ti=<TaskInstance: read_file.read_file_task manual__2024-07-16T06:36:08.741238+00:00 [queued]>
[2024-07-16T06:41:14.530+0000] {taskinstance.py:2306} INFO - Starting attempt 2 of 2
[2024-07-16T06:41:14.546+0000] {taskinstance.py:2330} INFO - Executing <Task(PythonOperator): read_file_task> on 2024-07-16 06:36:08.741238+00:00
[2024-07-16T06:41:14.564+0000] {warnings.py:112} WARNING - /home/***/.local/lib/python3.12/site-packages/***/task/task_runner/standard_task_runner.py:61: DeprecationWarning: This process (pid=146) is multi-threaded, use of fork() may lead to deadlocks in the child.
  pid = os.fork()

[2024-07-16T06:41:14.567+0000] {standard_task_runner.py:63} INFO - Started process 148 to run task
[2024-07-16T06:41:14.568+0000] {standard_task_runner.py:90} INFO - Running: ['***', 'tasks', 'run', 'read_file', 'read_file_task', 'manual__2024-07-16T06:36:08.741238+00:00', '--job-id', '342', '--raw', '--subdir', 'DAGS_FOLDER/my_dag.py', '--cfg-path', '/tmp/tmp6cfi16xu']
[2024-07-16T06:41:14.572+0000] {standard_task_runner.py:91} INFO - Job 342: Subtask read_file_task
[2024-07-16T06:41:14.625+0000] {task_command.py:426} INFO - Running <TaskInstance: read_file.read_file_task manual__2024-07-16T06:36:08.741238+00:00 [running]> on host 460d3c63a04e
[2024-07-16T06:41:14.708+0000] {taskinstance.py:2648} INFO - Exporting env vars: AIRFLOW_CTX_DAG_OWNER='***' AIRFLOW_CTX_DAG_ID='read_file' AIRFLOW_CTX_TASK_ID='read_file_task' AIRFLOW_CTX_EXECUTION_DATE='2024-07-16T06:36:08.741238+00:00' AIRFLOW_CTX_TRY_NUMBER='2' AIRFLOW_CTX_DAG_RUN_ID='manual__2024-07-16T06:36:08.741238+00:00'
[2024-07-16T06:41:14.709+0000] {taskinstance.py:430} INFO - ::endgroup::
[2024-07-16T06:41:14.710+0000] {logging_mixin.py:188} INFO - data from data_text.txt
[2024-07-16T06:41:14.710+0000] {logging_mixin.py:188} INFO - data from product.txt
[2024-07-16T06:41:14.710+0000] {python.py:237} INFO - Done. Returned value was: None
[2024-07-16T06:41:14.711+0000] {taskinstance.py:441} INFO - ::group::Post task execution logs
[2024-07-16T06:41:14.720+0000] {taskinstance.py:1206} INFO - Marking task as SUCCESS. dag_id=read_file, task_id=read_file_task, run_id=manual__2024-07-16T06:36:08.741238+00:00, execution_date=20240716T063608, start_date=20240716T064114, end_date=20240716T064114
[2024-07-16T06:41:14.742+0000] {local_task_job_runner.py:240} INFO - Task exited with return code 0
[2024-07-16T06:41:14.759+0000] {taskinstance.py:3503} INFO - 0 downstream tasks scheduled from follow-on schedule check
[2024-07-16T06:41:14.760+0000] {local_task_job_runner.py:222} INFO - ::endgroup::
