[2024-07-16T06:38:11.127+0000] {local_task_job_runner.py:120} INFO - ::group::Pre task execution logs
[2024-07-16T06:38:11.151+0000] {taskinstance.py:2076} INFO - Dependencies all met for dep_context=non-requeueable deps ti=<TaskInstance: read_file.read_file_task manual__2024-07-16T06:38:08.735093+00:00 [queued]>
[2024-07-16T06:38:11.158+0000] {taskinstance.py:2076} INFO - Dependencies all met for dep_context=requeueable deps ti=<TaskInstance: read_file.read_file_task manual__2024-07-16T06:38:08.735093+00:00 [queued]>
[2024-07-16T06:38:11.159+0000] {taskinstance.py:2306} INFO - Starting attempt 1 of 2
[2024-07-16T06:38:11.171+0000] {taskinstance.py:2330} INFO - Executing <Task(PythonOperator): read_file_task> on 2024-07-16 06:38:08.735093+00:00
[2024-07-16T06:38:11.178+0000] {warnings.py:112} WARNING - /home/***/.local/lib/python3.12/site-packages/***/task/task_runner/standard_task_runner.py:61: DeprecationWarning: This process (pid=108) is multi-threaded, use of fork() may lead to deadlocks in the child.
  pid = os.fork()

[2024-07-16T06:38:11.179+0000] {standard_task_runner.py:63} INFO - Started process 110 to run task
[2024-07-16T06:38:11.180+0000] {standard_task_runner.py:90} INFO - Running: ['***', 'tasks', 'run', 'read_file', 'read_file_task', 'manual__2024-07-16T06:38:08.735093+00:00', '--job-id', '341', '--raw', '--subdir', 'DAGS_FOLDER/my_dag.py', '--cfg-path', '/tmp/tmpkf7glyu2']
[2024-07-16T06:38:11.182+0000] {standard_task_runner.py:91} INFO - Job 341: Subtask read_file_task
[2024-07-16T06:38:11.227+0000] {task_command.py:426} INFO - Running <TaskInstance: read_file.read_file_task manual__2024-07-16T06:38:08.735093+00:00 [running]> on host 460d3c63a04e
[2024-07-16T06:38:11.305+0000] {taskinstance.py:2648} INFO - Exporting env vars: AIRFLOW_CTX_DAG_OWNER='***' AIRFLOW_CTX_DAG_ID='read_file' AIRFLOW_CTX_TASK_ID='read_file_task' AIRFLOW_CTX_EXECUTION_DATE='2024-07-16T06:38:08.735093+00:00' AIRFLOW_CTX_TRY_NUMBER='1' AIRFLOW_CTX_DAG_RUN_ID='manual__2024-07-16T06:38:08.735093+00:00'
[2024-07-16T06:38:11.306+0000] {taskinstance.py:430} INFO - ::endgroup::
[2024-07-16T06:38:11.306+0000] {logging_mixin.py:188} INFO - data from data_text.txt
[2024-07-16T06:38:11.307+0000] {logging_mixin.py:188} INFO - data from product.txt
[2024-07-16T06:38:11.307+0000] {python.py:237} INFO - Done. Returned value was: None
[2024-07-16T06:38:11.307+0000] {taskinstance.py:441} INFO - ::group::Post task execution logs
[2024-07-16T06:38:11.316+0000] {taskinstance.py:1206} INFO - Marking task as SUCCESS. dag_id=read_file, task_id=read_file_task, run_id=manual__2024-07-16T06:38:08.735093+00:00, execution_date=20240716T063808, start_date=20240716T063811, end_date=20240716T063811
[2024-07-16T06:38:11.353+0000] {local_task_job_runner.py:240} INFO - Task exited with return code 0
[2024-07-16T06:38:11.382+0000] {taskinstance.py:3503} INFO - 0 downstream tasks scheduled from follow-on schedule check
[2024-07-16T06:38:11.386+0000] {local_task_job_runner.py:222} INFO - ::endgroup::
